0 info it worked if it ends with ok
1 verbose cli [ '/usr/local/bin/node', '/usr/local/bin/npm', 'run', 'build' ]
2 info using npm@3.10.9
3 info using node@v6.2.2
4 verbose run-script [ 'prebuild', 'build', 'postbuild' ]
5 info lifecycle cp2@0.0.1~prebuild: cp2@0.0.1
6 silly lifecycle cp2@0.0.1~prebuild: no script for prebuild, continuing
7 info lifecycle cp2@0.0.1~build: cp2@0.0.1
8 verbose lifecycle cp2@0.0.1~build: unsafe-perm in lifecycle true
9 verbose lifecycle cp2@0.0.1~build: PATH: /usr/local/lib/node_modules/npm/bin/node-gyp-bin:/var/www/cp/deepstream/node_modules/.bin:/opt/google/cloud-sdk/bin:/opt/maven-3.3.9/bin:/home/jonas/bin:/usr/local/sbin:/usr/local/bin:/usr/sbin:/usr/bin:/sbin:/bin:/usr/games:/usr/local/games:/usr/lib/jvm/java-8-oracle/bin:/usr/lib/jvm/java-8-oracle/db/bin:/usr/lib/jvm/java-8-oracle/jre/bin:/home/jonas/Android/Sdk/tools:/home/jonas/Android/Sdk/platform-tools:/var/www/fu/csv2rdf4lod/bin:/var/www/fu/csv2rdf4lod/bin/util:/var/www/fu/csv2rdf4lod/bin:/var/www/fu/csv2rdf4lod/bin/dup:/var/www/fu/csv2rdf4lod/bin:/var/www/fu/csv2rdf4lod/bin/util/virtuoso:/opt/local/bin/:/usr/local/bin/:/var/www/fu/apache-jena-2.13.0/bin
10 verbose lifecycle cp2@0.0.1~build: CWD: /var/www/cp/deepstream
11 silly lifecycle cp2@0.0.1~build: Args: [ '-c', 'NODE_ENV=production ./node_modules/.bin/webpack' ]
12 silly lifecycle cp2@0.0.1~build: Returned: code: 1  signal: null
13 info lifecycle cp2@0.0.1~build: Failed to exec build script
14 verbose stack Error: cp2@0.0.1 build: `NODE_ENV=production ./node_modules/.bin/webpack`
14 verbose stack Exit status 1
14 verbose stack     at EventEmitter.<anonymous> (/usr/local/lib/node_modules/npm/lib/utils/lifecycle.js:255:16)
14 verbose stack     at emitTwo (events.js:106:13)
14 verbose stack     at EventEmitter.emit (events.js:191:7)
14 verbose stack     at ChildProcess.<anonymous> (/usr/local/lib/node_modules/npm/lib/utils/spawn.js:40:14)
14 verbose stack     at emitTwo (events.js:106:13)
14 verbose stack     at ChildProcess.emit (events.js:191:7)
14 verbose stack     at maybeClose (internal/child_process.js:852:16)
14 verbose stack     at Process.ChildProcess._handle.onexit (internal/child_process.js:215:5)
15 verbose pkgid cp2@0.0.1
16 verbose cwd /var/www/cp/deepstream
17 error Linux 4.2.0-42-generic
18 error argv "/usr/local/bin/node" "/usr/local/bin/npm" "run" "build"
19 error node v6.2.2
20 error npm  v3.10.9
21 error code ELIFECYCLE
22 error cp2@0.0.1 build: `NODE_ENV=production ./node_modules/.bin/webpack`
22 error Exit status 1
23 error Failed at the cp2@0.0.1 build script 'NODE_ENV=production ./node_modules/.bin/webpack'.
23 error Make sure you have the latest version of node.js and npm installed.
23 error If you do, this is most likely a problem with the cp2 package,
23 error not with npm itself.
23 error Tell the author that this fails on your system:
23 error     NODE_ENV=production ./node_modules/.bin/webpack
23 error You can get information on how to open an issue for this project with:
23 error     npm bugs cp2
23 error Or if that isn't available, you can get their info via:
23 error     npm owner ls cp2
23 error There is likely additional logging output above.
24 verbose exit [ 1, true ]
